<?xml version="1.0" encoding="UTF-8"?>
<testsuite xmlns:xsi="http://www.w3.org/2001/XMLSchema-instance" xsi:noNamespaceSchemaLocation="https://maven.apache.org/surefire/maven-surefire-plugin/xsd/surefire-test-report.xsd" name="com.demo.springbootjpa.SpringBootJpaApplicationTests" time="9.823" tests="1" errors="0" skipped="0" failures="0">
  <properties>
    <property name="sun.desktop" value="windows"/>
    <property name="awt.toolkit" value="sun.awt.windows.WToolkit"/>
    <property name="file.encoding.pkg" value="sun.io"/>
    <property name="java.specification.version" value="1.8"/>
    <property name="sun.cpu.isalist" value="amd64"/>
    <property name="sun.jnu.encoding" value="GBK"/>
    <property name="java.class.path" value="D:\git\repository\spring-boot-jpa\target\test-classes;D:\git\repository\spring-boot-jpa\target\classes;D:\Java\repository\dependence\org\springframework\boot\spring-boot-starter-web\2.1.4.RELEASE\spring-boot-starter-web-2.1.4.RELEASE.jar;D:\Java\repository\dependence\org\springframework\boot\spring-boot-starter\2.1.4.RELEASE\spring-boot-starter-2.1.4.RELEASE.jar;D:\Java\repository\dependence\org\springframework\boot\spring-boot-starter-logging\2.1.4.RELEASE\spring-boot-starter-logging-2.1.4.RELEASE.jar;D:\Java\repository\dependence\ch\qos\logback\logback-classic\1.2.3\logback-classic-1.2.3.jar;D:\Java\repository\dependence\ch\qos\logback\logback-core\1.2.3\logback-core-1.2.3.jar;D:\Java\repository\dependence\org\apache\logging\log4j\log4j-to-slf4j\2.11.2\log4j-to-slf4j-2.11.2.jar;D:\Java\repository\dependence\org\apache\logging\log4j\log4j-api\2.11.2\log4j-api-2.11.2.jar;D:\Java\repository\dependence\org\slf4j\jul-to-slf4j\1.7.26\jul-to-slf4j-1.7.26.jar;D:\Java\repository\dependence\javax\annotation\javax.annotation-api\1.3.2\javax.annotation-api-1.3.2.jar;D:\Java\repository\dependence\org\yaml\snakeyaml\1.23\snakeyaml-1.23.jar;D:\Java\repository\dependence\org\springframework\boot\spring-boot-starter-json\2.1.4.RELEASE\spring-boot-starter-json-2.1.4.RELEASE.jar;D:\Java\repository\dependence\com\fasterxml\jackson\core\jackson-databind\2.9.8\jackson-databind-2.9.8.jar;D:\Java\repository\dependence\com\fasterxml\jackson\core\jackson-annotations\2.9.0\jackson-annotations-2.9.0.jar;D:\Java\repository\dependence\com\fasterxml\jackson\core\jackson-core\2.9.8\jackson-core-2.9.8.jar;D:\Java\repository\dependence\com\fasterxml\jackson\datatype\jackson-datatype-jdk8\2.9.8\jackson-datatype-jdk8-2.9.8.jar;D:\Java\repository\dependence\com\fasterxml\jackson\datatype\jackson-datatype-jsr310\2.9.8\jackson-datatype-jsr310-2.9.8.jar;D:\Java\repository\dependence\com\fasterxml\jackson\module\jackson-module-parameter-names\2.9.8\jackson-module-parameter-names-2.9.8.jar;D:\Java\repository\dependence\org\springframework\boot\spring-boot-starter-tomcat\2.1.4.RELEASE\spring-boot-starter-tomcat-2.1.4.RELEASE.jar;D:\Java\repository\dependence\org\apache\tomcat\embed\tomcat-embed-core\9.0.17\tomcat-embed-core-9.0.17.jar;D:\Java\repository\dependence\org\apache\tomcat\embed\tomcat-embed-el\9.0.17\tomcat-embed-el-9.0.17.jar;D:\Java\repository\dependence\org\apache\tomcat\embed\tomcat-embed-websocket\9.0.17\tomcat-embed-websocket-9.0.17.jar;D:\Java\repository\dependence\org\hibernate\validator\hibernate-validator\6.0.16.Final\hibernate-validator-6.0.16.Final.jar;D:\Java\repository\dependence\javax\validation\validation-api\2.0.1.Final\validation-api-2.0.1.Final.jar;D:\Java\repository\dependence\org\jboss\logging\jboss-logging\3.3.2.Final\jboss-logging-3.3.2.Final.jar;D:\Java\repository\dependence\com\fasterxml\classmate\1.4.0\classmate-1.4.0.jar;D:\Java\repository\dependence\org\springframework\spring-web\5.1.6.RELEASE\spring-web-5.1.6.RELEASE.jar;D:\Java\repository\dependence\org\springframework\spring-beans\5.1.6.RELEASE\spring-beans-5.1.6.RELEASE.jar;D:\Java\repository\dependence\org\springframework\spring-webmvc\5.1.6.RELEASE\spring-webmvc-5.1.6.RELEASE.jar;D:\Java\repository\dependence\org\springframework\spring-aop\5.1.6.RELEASE\spring-aop-5.1.6.RELEASE.jar;D:\Java\repository\dependence\org\springframework\spring-context\5.1.6.RELEASE\spring-context-5.1.6.RELEASE.jar;D:\Java\repository\dependence\org\springframework\spring-expression\5.1.6.RELEASE\spring-expression-5.1.6.RELEASE.jar;D:\Java\repository\dependence\org\springframework\boot\spring-boot-starter-thymeleaf\2.1.4.RELEASE\spring-boot-starter-thymeleaf-2.1.4.RELEASE.jar;D:\Java\repository\dependence\org\thymeleaf\thymeleaf-spring5\3.0.11.RELEASE\thymeleaf-spring5-3.0.11.RELEASE.jar;D:\Java\repository\dependence\org\thymeleaf\thymeleaf\3.0.11.RELEASE\thymeleaf-3.0.11.RELEASE.jar;D:\Java\repository\dependence\org\attoparser\attoparser\2.0.5.RELEASE\attoparser-2.0.5.RELEASE.jar;D:\Java\repository\dependence\org\unbescape\unbescape\1.1.6.RELEASE\unbescape-1.1.6.RELEASE.jar;D:\Java\repository\dependence\org\slf4j\slf4j-api\1.7.26\slf4j-api-1.7.26.jar;D:\Java\repository\dependence\org\thymeleaf\extras\thymeleaf-extras-java8time\3.0.4.RELEASE\thymeleaf-extras-java8time-3.0.4.RELEASE.jar;D:\Java\repository\dependence\org\springframework\boot\spring-boot-starter-data-jpa\2.1.4.RELEASE\spring-boot-starter-data-jpa-2.1.4.RELEASE.jar;D:\Java\repository\dependence\org\springframework\boot\spring-boot-starter-aop\2.1.4.RELEASE\spring-boot-starter-aop-2.1.4.RELEASE.jar;D:\Java\repository\dependence\org\aspectj\aspectjweaver\1.9.2\aspectjweaver-1.9.2.jar;D:\Java\repository\dependence\org\springframework\boot\spring-boot-starter-jdbc\2.1.4.RELEASE\spring-boot-starter-jdbc-2.1.4.RELEASE.jar;D:\Java\repository\dependence\com\zaxxer\HikariCP\3.2.0\HikariCP-3.2.0.jar;D:\Java\repository\dependence\org\springframework\spring-jdbc\5.1.6.RELEASE\spring-jdbc-5.1.6.RELEASE.jar;D:\Java\repository\dependence\javax\transaction\javax.transaction-api\1.3\javax.transaction-api-1.3.jar;D:\Java\repository\dependence\javax\xml\bind\jaxb-api\2.3.1\jaxb-api-2.3.1.jar;D:\Java\repository\dependence\javax\activation\javax.activation-api\1.2.0\javax.activation-api-1.2.0.jar;D:\Java\repository\dependence\org\hibernate\hibernate-core\5.3.9.Final\hibernate-core-5.3.9.Final.jar;D:\Java\repository\dependence\javax\persistence\javax.persistence-api\2.2\javax.persistence-api-2.2.jar;D:\Java\repository\dependence\org\javassist\javassist\3.23.1-GA\javassist-3.23.1-GA.jar;D:\Java\repository\dependence\net\bytebuddy\byte-buddy\1.9.12\byte-buddy-1.9.12.jar;D:\Java\repository\dependence\antlr\antlr\2.7.7\antlr-2.7.7.jar;D:\Java\repository\dependence\org\jboss\jandex\2.0.5.Final\jandex-2.0.5.Final.jar;D:\Java\repository\dependence\org\dom4j\dom4j\2.1.1\dom4j-2.1.1.jar;D:\Java\repository\dependence\org\hibernate\common\hibernate-commons-annotations\5.0.4.Final\hibernate-commons-annotations-5.0.4.Final.jar;D:\Java\repository\dependence\org\springframework\data\spring-data-jpa\2.1.6.RELEASE\spring-data-jpa-2.1.6.RELEASE.jar;D:\Java\repository\dependence\org\springframework\data\spring-data-commons\2.1.6.RELEASE\spring-data-commons-2.1.6.RELEASE.jar;D:\Java\repository\dependence\org\springframework\spring-orm\5.1.6.RELEASE\spring-orm-5.1.6.RELEASE.jar;D:\Java\repository\dependence\org\springframework\spring-tx\5.1.6.RELEASE\spring-tx-5.1.6.RELEASE.jar;D:\Java\repository\dependence\org\springframework\spring-aspects\5.1.6.RELEASE\spring-aspects-5.1.6.RELEASE.jar;D:\Java\repository\dependence\mysql\mysql-connector-java\8.0.15\mysql-connector-java-8.0.15.jar;D:\Java\repository\dependence\com\alibaba\druid\1.0.25\druid-1.0.25.jar;D:\Java\jdk1.8.0_171\jre\..\lib\jconsole.jar;D:\Java\jdk1.8.0_171\jre\..\lib\tools.jar;D:\Java\repository\dependence\org\springframework\boot\spring-boot-devtools\2.1.4.RELEASE\spring-boot-devtools-2.1.4.RELEASE.jar;D:\Java\repository\dependence\org\springframework\boot\spring-boot\2.1.4.RELEASE\spring-boot-2.1.4.RELEASE.jar;D:\Java\repository\dependence\org\springframework\boot\spring-boot-autoconfigure\2.1.4.RELEASE\spring-boot-autoconfigure-2.1.4.RELEASE.jar;D:\Java\repository\dependence\org\projectlombok\lombok\1.18.6\lombok-1.18.6.jar;D:\Java\repository\dependence\org\springframework\boot\spring-boot-starter-test\2.1.4.RELEASE\spring-boot-starter-test-2.1.4.RELEASE.jar;D:\Java\repository\dependence\org\springframework\boot\spring-boot-test\2.1.4.RELEASE\spring-boot-test-2.1.4.RELEASE.jar;D:\Java\repository\dependence\org\springframework\boot\spring-boot-test-autoconfigure\2.1.4.RELEASE\spring-boot-test-autoconfigure-2.1.4.RELEASE.jar;D:\Java\repository\dependence\com\jayway\jsonpath\json-path\2.4.0\json-path-2.4.0.jar;D:\Java\repository\dependence\net\minidev\json-smart\2.3\json-smart-2.3.jar;D:\Java\repository\dependence\net\minidev\accessors-smart\1.2\accessors-smart-1.2.jar;D:\Java\repository\dependence\org\ow2\asm\asm\5.0.4\asm-5.0.4.jar;D:\Java\repository\dependence\junit\junit\4.12\junit-4.12.jar;D:\Java\repository\dependence\org\assertj\assertj-core\3.11.1\assertj-core-3.11.1.jar;D:\Java\repository\dependence\org\mockito\mockito-core\2.23.4\mockito-core-2.23.4.jar;D:\Java\repository\dependence\net\bytebuddy\byte-buddy-agent\1.9.12\byte-buddy-agent-1.9.12.jar;D:\Java\repository\dependence\org\objenesis\objenesis\2.6\objenesis-2.6.jar;D:\Java\repository\dependence\org\hamcrest\hamcrest-core\1.3\hamcrest-core-1.3.jar;D:\Java\repository\dependence\org\hamcrest\hamcrest-library\1.3\hamcrest-library-1.3.jar;D:\Java\repository\dependence\org\skyscreamer\jsonassert\1.5.0\jsonassert-1.5.0.jar;D:\Java\repository\dependence\com\vaadin\external\google\android-json\0.0.20131108.vaadin1\android-json-0.0.20131108.vaadin1.jar;D:\Java\repository\dependence\org\springframework\spring-core\5.1.6.RELEASE\spring-core-5.1.6.RELEASE.jar;D:\Java\repository\dependence\org\springframework\spring-jcl\5.1.6.RELEASE\spring-jcl-5.1.6.RELEASE.jar;D:\Java\repository\dependence\org\springframework\spring-test\5.1.6.RELEASE\spring-test-5.1.6.RELEASE.jar;D:\Java\repository\dependence\org\xmlunit\xmlunit-core\2.6.2\xmlunit-core-2.6.2.jar;"/>
    <property name="java.vm.vendor" value="Oracle Corporation"/>
    <property name="sun.arch.data.model" value="64"/>
    <property name="user.variant" value=""/>
    <property name="java.vendor.url" value="http://java.oracle.com/"/>
    <property name="user.timezone" value="Asia/Shanghai"/>
    <property name="java.vm.specification.version" value="1.8"/>
    <property name="os.name" value="Windows 10"/>
    <property name="user.country" value="CN"/>
    <property name="sun.java.launcher" value="SUN_STANDARD"/>
    <property name="sun.boot.library.path" value="D:\Java\jdk1.8.0_171\jre\bin"/>
    <property name="sun.java.command" value="C:\Users\GWL\AppData\Local\Temp\surefire4829847184531586780\surefirebooter4624046802314263603.jar C:\Users\GWL\AppData\Local\Temp\surefire4829847184531586780 2019-05-03T23-35-47_897-jvmRun1 surefire6252998698156303606tmp surefire_04590309325762712797tmp"/>
    <property name="surefire.test.class.path" value="D:\git\repository\spring-boot-jpa\target\test-classes;D:\git\repository\spring-boot-jpa\target\classes;D:\Java\repository\dependence\org\springframework\boot\spring-boot-starter-web\2.1.4.RELEASE\spring-boot-starter-web-2.1.4.RELEASE.jar;D:\Java\repository\dependence\org\springframework\boot\spring-boot-starter\2.1.4.RELEASE\spring-boot-starter-2.1.4.RELEASE.jar;D:\Java\repository\dependence\org\springframework\boot\spring-boot-starter-logging\2.1.4.RELEASE\spring-boot-starter-logging-2.1.4.RELEASE.jar;D:\Java\repository\dependence\ch\qos\logback\logback-classic\1.2.3\logback-classic-1.2.3.jar;D:\Java\repository\dependence\ch\qos\logback\logback-core\1.2.3\logback-core-1.2.3.jar;D:\Java\repository\dependence\org\apache\logging\log4j\log4j-to-slf4j\2.11.2\log4j-to-slf4j-2.11.2.jar;D:\Java\repository\dependence\org\apache\logging\log4j\log4j-api\2.11.2\log4j-api-2.11.2.jar;D:\Java\repository\dependence\org\slf4j\jul-to-slf4j\1.7.26\jul-to-slf4j-1.7.26.jar;D:\Java\repository\dependence\javax\annotation\javax.annotation-api\1.3.2\javax.annotation-api-1.3.2.jar;D:\Java\repository\dependence\org\yaml\snakeyaml\1.23\snakeyaml-1.23.jar;D:\Java\repository\dependence\org\springframework\boot\spring-boot-starter-json\2.1.4.RELEASE\spring-boot-starter-json-2.1.4.RELEASE.jar;D:\Java\repository\dependence\com\fasterxml\jackson\core\jackson-databind\2.9.8\jackson-databind-2.9.8.jar;D:\Java\repository\dependence\com\fasterxml\jackson\core\jackson-annotations\2.9.0\jackson-annotations-2.9.0.jar;D:\Java\repository\dependence\com\fasterxml\jackson\core\jackson-core\2.9.8\jackson-core-2.9.8.jar;D:\Java\repository\dependence\com\fasterxml\jackson\datatype\jackson-datatype-jdk8\2.9.8\jackson-datatype-jdk8-2.9.8.jar;D:\Java\repository\dependence\com\fasterxml\jackson\datatype\jackson-datatype-jsr310\2.9.8\jackson-datatype-jsr310-2.9.8.jar;D:\Java\repository\dependence\com\fasterxml\jackson\module\jackson-module-parameter-names\2.9.8\jackson-module-parameter-names-2.9.8.jar;D:\Java\repository\dependence\org\springframework\boot\spring-boot-starter-tomcat\2.1.4.RELEASE\spring-boot-starter-tomcat-2.1.4.RELEASE.jar;D:\Java\repository\dependence\org\apache\tomcat\embed\tomcat-embed-core\9.0.17\tomcat-embed-core-9.0.17.jar;D:\Java\repository\dependence\org\apache\tomcat\embed\tomcat-embed-el\9.0.17\tomcat-embed-el-9.0.17.jar;D:\Java\repository\dependence\org\apache\tomcat\embed\tomcat-embed-websocket\9.0.17\tomcat-embed-websocket-9.0.17.jar;D:\Java\repository\dependence\org\hibernate\validator\hibernate-validator\6.0.16.Final\hibernate-validator-6.0.16.Final.jar;D:\Java\repository\dependence\javax\validation\validation-api\2.0.1.Final\validation-api-2.0.1.Final.jar;D:\Java\repository\dependence\org\jboss\logging\jboss-logging\3.3.2.Final\jboss-logging-3.3.2.Final.jar;D:\Java\repository\dependence\com\fasterxml\classmate\1.4.0\classmate-1.4.0.jar;D:\Java\repository\dependence\org\springframework\spring-web\5.1.6.RELEASE\spring-web-5.1.6.RELEASE.jar;D:\Java\repository\dependence\org\springframework\spring-beans\5.1.6.RELEASE\spring-beans-5.1.6.RELEASE.jar;D:\Java\repository\dependence\org\springframework\spring-webmvc\5.1.6.RELEASE\spring-webmvc-5.1.6.RELEASE.jar;D:\Java\repository\dependence\org\springframework\spring-aop\5.1.6.RELEASE\spring-aop-5.1.6.RELEASE.jar;D:\Java\repository\dependence\org\springframework\spring-context\5.1.6.RELEASE\spring-context-5.1.6.RELEASE.jar;D:\Java\repository\dependence\org\springframework\spring-expression\5.1.6.RELEASE\spring-expression-5.1.6.RELEASE.jar;D:\Java\repository\dependence\org\springframework\boot\spring-boot-starter-thymeleaf\2.1.4.RELEASE\spring-boot-starter-thymeleaf-2.1.4.RELEASE.jar;D:\Java\repository\dependence\org\thymeleaf\thymeleaf-spring5\3.0.11.RELEASE\thymeleaf-spring5-3.0.11.RELEASE.jar;D:\Java\repository\dependence\org\thymeleaf\thymeleaf\3.0.11.RELEASE\thymeleaf-3.0.11.RELEASE.jar;D:\Java\repository\dependence\org\attoparser\attoparser\2.0.5.RELEASE\attoparser-2.0.5.RELEASE.jar;D:\Java\repository\dependence\org\unbescape\unbescape\1.1.6.RELEASE\unbescape-1.1.6.RELEASE.jar;D:\Java\repository\dependence\org\slf4j\slf4j-api\1.7.26\slf4j-api-1.7.26.jar;D:\Java\repository\dependence\org\thymeleaf\extras\thymeleaf-extras-java8time\3.0.4.RELEASE\thymeleaf-extras-java8time-3.0.4.RELEASE.jar;D:\Java\repository\dependence\org\springframework\boot\spring-boot-starter-data-jpa\2.1.4.RELEASE\spring-boot-starter-data-jpa-2.1.4.RELEASE.jar;D:\Java\repository\dependence\org\springframework\boot\spring-boot-starter-aop\2.1.4.RELEASE\spring-boot-starter-aop-2.1.4.RELEASE.jar;D:\Java\repository\dependence\org\aspectj\aspectjweaver\1.9.2\aspectjweaver-1.9.2.jar;D:\Java\repository\dependence\org\springframework\boot\spring-boot-starter-jdbc\2.1.4.RELEASE\spring-boot-starter-jdbc-2.1.4.RELEASE.jar;D:\Java\repository\dependence\com\zaxxer\HikariCP\3.2.0\HikariCP-3.2.0.jar;D:\Java\repository\dependence\org\springframework\spring-jdbc\5.1.6.RELEASE\spring-jdbc-5.1.6.RELEASE.jar;D:\Java\repository\dependence\javax\transaction\javax.transaction-api\1.3\javax.transaction-api-1.3.jar;D:\Java\repository\dependence\javax\xml\bind\jaxb-api\2.3.1\jaxb-api-2.3.1.jar;D:\Java\repository\dependence\javax\activation\javax.activation-api\1.2.0\javax.activation-api-1.2.0.jar;D:\Java\repository\dependence\org\hibernate\hibernate-core\5.3.9.Final\hibernate-core-5.3.9.Final.jar;D:\Java\repository\dependence\javax\persistence\javax.persistence-api\2.2\javax.persistence-api-2.2.jar;D:\Java\repository\dependence\org\javassist\javassist\3.23.1-GA\javassist-3.23.1-GA.jar;D:\Java\repository\dependence\net\bytebuddy\byte-buddy\1.9.12\byte-buddy-1.9.12.jar;D:\Java\repository\dependence\antlr\antlr\2.7.7\antlr-2.7.7.jar;D:\Java\repository\dependence\org\jboss\jandex\2.0.5.Final\jandex-2.0.5.Final.jar;D:\Java\repository\dependence\org\dom4j\dom4j\2.1.1\dom4j-2.1.1.jar;D:\Java\repository\dependence\org\hibernate\common\hibernate-commons-annotations\5.0.4.Final\hibernate-commons-annotations-5.0.4.Final.jar;D:\Java\repository\dependence\org\springframework\data\spring-data-jpa\2.1.6.RELEASE\spring-data-jpa-2.1.6.RELEASE.jar;D:\Java\repository\dependence\org\springframework\data\spring-data-commons\2.1.6.RELEASE\spring-data-commons-2.1.6.RELEASE.jar;D:\Java\repository\dependence\org\springframework\spring-orm\5.1.6.RELEASE\spring-orm-5.1.6.RELEASE.jar;D:\Java\repository\dependence\org\springframework\spring-tx\5.1.6.RELEASE\spring-tx-5.1.6.RELEASE.jar;D:\Java\repository\dependence\org\springframework\spring-aspects\5.1.6.RELEASE\spring-aspects-5.1.6.RELEASE.jar;D:\Java\repository\dependence\mysql\mysql-connector-java\8.0.15\mysql-connector-java-8.0.15.jar;D:\Java\repository\dependence\com\alibaba\druid\1.0.25\druid-1.0.25.jar;D:\Java\jdk1.8.0_171\jre\..\lib\jconsole.jar;D:\Java\jdk1.8.0_171\jre\..\lib\tools.jar;D:\Java\repository\dependence\org\springframework\boot\spring-boot-devtools\2.1.4.RELEASE\spring-boot-devtools-2.1.4.RELEASE.jar;D:\Java\repository\dependence\org\springframework\boot\spring-boot\2.1.4.RELEASE\spring-boot-2.1.4.RELEASE.jar;D:\Java\repository\dependence\org\springframework\boot\spring-boot-autoconfigure\2.1.4.RELEASE\spring-boot-autoconfigure-2.1.4.RELEASE.jar;D:\Java\repository\dependence\org\projectlombok\lombok\1.18.6\lombok-1.18.6.jar;D:\Java\repository\dependence\org\springframework\boot\spring-boot-starter-test\2.1.4.RELEASE\spring-boot-starter-test-2.1.4.RELEASE.jar;D:\Java\repository\dependence\org\springframework\boot\spring-boot-test\2.1.4.RELEASE\spring-boot-test-2.1.4.RELEASE.jar;D:\Java\repository\dependence\org\springframework\boot\spring-boot-test-autoconfigure\2.1.4.RELEASE\spring-boot-test-autoconfigure-2.1.4.RELEASE.jar;D:\Java\repository\dependence\com\jayway\jsonpath\json-path\2.4.0\json-path-2.4.0.jar;D:\Java\repository\dependence\net\minidev\json-smart\2.3\json-smart-2.3.jar;D:\Java\repository\dependence\net\minidev\accessors-smart\1.2\accessors-smart-1.2.jar;D:\Java\repository\dependence\org\ow2\asm\asm\5.0.4\asm-5.0.4.jar;D:\Java\repository\dependence\junit\junit\4.12\junit-4.12.jar;D:\Java\repository\dependence\org\assertj\assertj-core\3.11.1\assertj-core-3.11.1.jar;D:\Java\repository\dependence\org\mockito\mockito-core\2.23.4\mockito-core-2.23.4.jar;D:\Java\repository\dependence\net\bytebuddy\byte-buddy-agent\1.9.12\byte-buddy-agent-1.9.12.jar;D:\Java\repository\dependence\org\objenesis\objenesis\2.6\objenesis-2.6.jar;D:\Java\repository\dependence\org\hamcrest\hamcrest-core\1.3\hamcrest-core-1.3.jar;D:\Java\repository\dependence\org\hamcrest\hamcrest-library\1.3\hamcrest-library-1.3.jar;D:\Java\repository\dependence\org\skyscreamer\jsonassert\1.5.0\jsonassert-1.5.0.jar;D:\Java\repository\dependence\com\vaadin\external\google\android-json\0.0.20131108.vaadin1\android-json-0.0.20131108.vaadin1.jar;D:\Java\repository\dependence\org\springframework\spring-core\5.1.6.RELEASE\spring-core-5.1.6.RELEASE.jar;D:\Java\repository\dependence\org\springframework\spring-jcl\5.1.6.RELEASE\spring-jcl-5.1.6.RELEASE.jar;D:\Java\repository\dependence\org\springframework\spring-test\5.1.6.RELEASE\spring-test-5.1.6.RELEASE.jar;D:\Java\repository\dependence\org\xmlunit\xmlunit-core\2.6.2\xmlunit-core-2.6.2.jar;"/>
    <property name="sun.cpu.endian" value="little"/>
    <property name="user.home" value="C:\Users\GWL"/>
    <property name="user.language" value="zh"/>
    <property name="java.specification.vendor" value="Oracle Corporation"/>
    <property name="java.home" value="D:\Java\jdk1.8.0_171\jre"/>
    <property name="basedir" value="D:\git\repository\spring-boot-jpa"/>
    <property name="file.separator" value="\"/>
    <property name="line.separator" value="&#10;"/>
    <property name="java.vm.specification.vendor" value="Oracle Corporation"/>
    <property name="java.specification.name" value="Java Platform API Specification"/>
    <property name="java.awt.graphicsenv" value="sun.awt.Win32GraphicsEnvironment"/>
    <property name="surefire.real.class.path" value="C:\Users\GWL\AppData\Local\Temp\surefire4829847184531586780\surefirebooter4624046802314263603.jar"/>
    <property name="sun.boot.class.path" value="D:\Java\jdk1.8.0_171\jre\lib\resources.jar;D:\Java\jdk1.8.0_171\jre\lib\rt.jar;D:\Java\jdk1.8.0_171\jre\lib\sunrsasign.jar;D:\Java\jdk1.8.0_171\jre\lib\jsse.jar;D:\Java\jdk1.8.0_171\jre\lib\jce.jar;D:\Java\jdk1.8.0_171\jre\lib\charsets.jar;D:\Java\jdk1.8.0_171\jre\lib\jfr.jar;D:\Java\jdk1.8.0_171\jre\classes"/>
    <property name="user.script" value=""/>
    <property name="sun.management.compiler" value="HotSpot 64-Bit Tiered Compilers"/>
    <property name="java.runtime.version" value="1.8.0_171-b11"/>
    <property name="user.name" value="GWL"/>
    <property name="path.separator" value=";"/>
    <property name="os.version" value="10.0"/>
    <property name="java.endorsed.dirs" value="D:\Java\jdk1.8.0_171\jre\lib\endorsed"/>
    <property name="java.runtime.name" value="Java(TM) SE Runtime Environment"/>
    <property name="file.encoding" value="GBK"/>
    <property name="java.vm.name" value="Java HotSpot(TM) 64-Bit Server VM"/>
    <property name="localRepository" value="D:\Java\repository\dependence"/>
    <property name="java.vendor.url.bug" value="http://bugreport.sun.com/bugreport/"/>
    <property name="java.io.tmpdir" value="C:\Users\GWL\AppData\Local\Temp\"/>
    <property name="idea.version" value="2018.1.5"/>
    <property name="java.version" value="1.8.0_171"/>
    <property name="user.dir" value="D:\git\repository\spring-boot-jpa"/>
    <property name="os.arch" value="amd64"/>
    <property name="java.vm.specification.name" value="Java Virtual Machine Specification"/>
    <property name="java.awt.printerjob" value="sun.awt.windows.WPrinterJob"/>
    <property name="sun.os.patch.level" value=""/>
    <property name="java.library.path" value="D:\Java\jdk1.8.0_171\jre\bin;C:\WINDOWS\Sun\Java\bin;C:\WINDOWS\system32;C:\WINDOWS;C:\Program Files (x86)\Intel\iCLS Client\;C:\Program Files\Intel\iCLS Client\;C:\WINDOWS\system32;C:\WINDOWS;C:\WINDOWS\System32\Wbem;C:\WINDOWS\System32\WindowsPowerShell\v1.0\;C:\Program Files (x86)\Intel\Intel(R) Management Engine Components\DAL;C:\Program Files\Intel\Intel(R) Management Engine Components\DAL;C:\Program Files (x86)\Intel\Intel(R) Management Engine Components\IPT;C:\Program Files\Intel\Intel(R) Management Engine Components\IPT;D:\Java\jdk1.8.0_171\bin;D:\Java\jdk1.8.0_171\jre\bin;D:\Program Files (x86)\QuickTime\QTSystem\;d:\Program Files\Git\cmd;D:\Program Files\nodejs\;D:\Java\maven\apache-maven-3.5.4\bin;D:\Program Files\PuTTY\;C:\WINDOWS\System32\OpenSSH\;C:\Program Files\Intel\WiFi\bin\;C:\Program Files\Common Files\Intel\WirelessCommon\;C:\Program Files (x86)\Calibre2\;C:\Users\GWL\AppData\Local\Microsoft\WindowsApps;;C:\Users\GWL\AppData\Local\Programs\Microsoft VS Code\bin;."/>
    <property name="java.vm.info" value="mixed mode"/>
    <property name="java.vendor" value="Oracle Corporation"/>
    <property name="java.vm.version" value="25.171-b11"/>
    <property name="java.ext.dirs" value="D:\Java\jdk1.8.0_171\jre\lib\ext;C:\WINDOWS\Sun\Java\lib\ext"/>
    <property name="sun.io.unicode.encoding" value="UnicodeLittle"/>
    <property name="java.class.version" value="52.0"/>
  </properties>
  <testcase name="contextLoads" classname="com.demo.springbootjpa.SpringBootJpaApplicationTests" time="0.065"/>
</testsuite>